<?xml version="1.0" encoding="UTF-8"?>
<!-- Generated by org.testng.reporters.JUnitXMLReporter -->
<testsuite ignored="0" hostname="Khosruz" failures="2" tests="7" name="AdhoocTest" time="13.589" errors="0" timestamp="2023-10-17T17:30:28 EDT">
  <testcase classname="com.Tests.LoginPageTest" name="pageTitleTest" time="0.112"/>
  <testcase classname="com.Tests.LoginPageTest" name="loginTest" time="0.003">
    <skipped/>
  </testcase> <!-- loginTest -->
  <testcase classname="com.Tests.LoginPageTest" name="loginTest" time="0.005">
    <skipped/>
  </testcase> <!-- loginTest -->
  <testcase classname="com.Tests.LoginPageTest" name="loginTest" time="0.004">
    <failure type="java.lang.NullPointerException" message="Cannot invoke &amp;quot;org.openqa.selenium.WebElement.sendKeys(java.lang.CharSequence[])&amp;quot; because &amp;quot;this.usrName&amp;quot; is null">
      <![CDATA[java.lang.NullPointerException: Cannot invoke "org.openqa.selenium.WebElement.sendKeys(java.lang.CharSequence[])" because "this.usrName" is null
at com.Pages.LoginPage.enterCredentials(LoginPage.java:41)
at com.Tests.LoginPageTest.loginTest(LoginPageTest.java:43)
at java.base/java.util.ArrayList.forEach(ArrayList.java:1511)
... Removed 27 stack frames]]>
    </failure>
  </testcase> <!-- loginTest -->
  <testcase classname="com.Tests.LoginPageTest" name="displayNameTest" time="0.003">
    <skipped/>
  </testcase> <!-- displayNameTest -->
  <testcase classname="com.Tests.LoginPageTest" name="displayNameTest" time="0.002">
    <skipped/>
  </testcase> <!-- displayNameTest -->
  <testcase classname="com.Tests.LoginPageTest" name="displayNameTest" time="0.003">
    <failure type="java.lang.NullPointerException" message="Cannot invoke &amp;quot;org.openqa.selenium.WebElement.sendKeys(java.lang.CharSequence[])&amp;quot; because &amp;quot;this.usrName&amp;quot; is null">
      <![CDATA[java.lang.NullPointerException: Cannot invoke "org.openqa.selenium.WebElement.sendKeys(java.lang.CharSequence[])" because "this.usrName" is null
at com.Pages.LoginPage.enterCredentials(LoginPage.java:41)
at com.Tests.LoginPageTest.loginTest(LoginPageTest.java:43)
at com.Tests.LoginPageTest.displayNameTest(LoginPageTest.java:50)
at java.base/java.util.ArrayList.forEach(ArrayList.java:1511)
... Removed 27 stack frames]]>
    </failure>
  </testcase> <!-- displayNameTest -->
</testsuite> <!-- AdhoocTest -->
